<?xml version="1.0" encoding="UTF-8"?>
<testng-results ignored="0" total="1" passed="1" failed="0" skipped="0">
  <reporter-output>
  </reporter-output>
  <suite started-at="2023-10-26T14:13:26 IST" name="Default suite" finished-at="2023-10-26T14:14:05 IST" duration-ms="39660">
    <groups>
    </groups>
    <test started-at="2023-10-26T14:13:26 IST" name="Default test" finished-at="2023-10-26T14:14:05 IST" duration-ms="39660">
      <class name="com.bestbuy.testcases.IndexPageTest">
        <test-method is-config="true" signature="loadConfig()[pri:0, instance:com.bestbuy.testcases.IndexPageTest@710b30ef]" started-at="2023-10-26T14:13:26 IST" name="loadConfig" finished-at="2023-10-26T14:13:26 IST" duration-ms="119" status="PASS">
          <reporter-output>
          </reporter-output>
        </test-method> <!-- loadConfig -->
        <test-method is-config="true" signature="setup()[pri:0, instance:com.bestbuy.testcases.IndexPageTest@710b30ef]" started-at="2023-10-26T14:13:26 IST" name="setup" finished-at="2023-10-26T14:13:59 IST" duration-ms="32354" status="PASS">
          <reporter-output>
          </reporter-output>
        </test-method> <!-- setup -->
        <test-method signature="validateURL()[pri:0, instance:com.bestbuy.testcases.IndexPageTest@710b30ef]" started-at="2023-10-26T14:13:59 IST" name="validateURL" finished-at="2023-10-26T14:13:59 IST" duration-ms="113" status="PASS">
          <reporter-output>
          </reporter-output>
        </test-method> <!-- validateURL -->
        <test-method is-config="true" signature="tearDown()[pri:0, instance:com.bestbuy.testcases.IndexPageTest@710b30ef]" started-at="2023-10-26T14:13:59 IST" name="tearDown" finished-at="2023-10-26T14:14:05 IST" duration-ms="6676" status="PASS">
          <reporter-output>
          </reporter-output>
        </test-method> <!-- tearDown -->
      </class> <!-- com.bestbuy.testcases.IndexPageTest -->
    </test> <!-- Default test -->
  </suite> <!-- Default suite -->
</testng-results>
